<?xml version="1.0" encoding="UTF-8"?>
<!-- Generated by org.testng.reporters.JUnitReportReporter -->
<testsuite hostname="LAPTOP-H7R7DK85" failures="0" tests="9" name="testng.FlagsTest" time="0.044" errors="0" timestamp="2024-07-26T10:49:59 IST" skipped="2">
  <testcase classname="testng.FlagsTest" name="demo1" time="0.014"/>
  <system-out>
    <![CDATA[demo1]]>
  </system-out>
  <testcase classname="testng.FlagsTest" name="demo1" time="0.014"/>
  <system-out>
    <![CDATA[demo1]]>
  </system-out>
  <testcase classname="testng.FlagsTest" name="demo3" time="0.002"/>
  <system-out>
    <![CDATA[demo3]]>
  </system-out>
  <testcase classname="testng.FlagsTest" name="demo3" time="0.004"/>
  <system-out>
    <![CDATA[demo3]]>
  </system-out>
  <testcase classname="testng.FlagsTest" name="demo3" time="0.004"/>
  <system-out>
    <![CDATA[demo3]]>
  </system-out>
  <testcase classname="testng.FlagsTest" name="demo4" time="0.004"/>
  <system-out>
    <![CDATA[demo4]]>
  </system-out>
  <testcase classname="testng.FlagsTest" name="demo4" time="0.002"/>
  <system-out>
    <![CDATA[demo4]]>
  </system-out>
  <testcase classname="testng.FlagsTest" name="demo5">
    <skipped/>
  </testcase> <!-- demo5 -->
  <system-out/>
  <testcase classname="testng.FlagsTest" name="demo2">
    <skipped/>
  </testcase> <!-- demo2 -->
  <system-out/>
</testsuite> <!-- testng.FlagsTest -->
