<?xml version="1.0" encoding="UTF-8"?>
<!-- Generated by org.testng.reporters.JUnitReportReporter -->
<testsuite hostname="DESKTOP-IP4K28O" failures="0" tests="3" name="testng.DataProvidersTest" time="0.017" errors="0" timestamp="2024-08-08T09:38:41 IST" skipped="0">
  <testcase classname="testng.DataProvidersTest" name="bookTicketTest" time="0.003"/>
  <system-out/>
  <testcase classname="testng.DataProvidersTest" name="bookTicketTest" time="0.002"/>
  <system-out/>
  <testcase classname="testng.DataProvidersTest" name="bookTicketTest" time="0.012"/>
  <system-out/>
</testsuite> <!-- testng.DataProvidersTest -->
