<?xml version="1.0" encoding="UTF-8"?>
<!-- Generated by org.testng.reporters.JUnitReportReporter -->
<testsuite hostname="DESKTOP-IP4K28O" failures="0" tests="1" name="additionalScenarios.FlipkartValidateTotalItemsTest" time="133.701" errors="0" timestamp="2024-08-06T09:40:56 IST" skipped="0">
  <testcase classname="additionalScenarios.FlipkartValidateTotalItemsTest" name="validateTotalItemsTest" time="133.701"/>
  <system-out/>
</testsuite> <!-- additionalScenarios.FlipkartValidateTotalItemsTest -->
