<?xml version="1.0" encoding="UTF-8"?>
<!-- Generated by org.testng.reporters.JUnitReportReporter -->
<testsuite hostname="LAPTOP-H7R7DK85" failures="0" tests="1" name="testNGImplementation.CreateContactWithExistingOrgTest" time="30.846" errors="0" timestamp="2024-07-30T09:48:36 IST" skipped="0">
  <testcase classname="testNGImplementation.CreateContactWithExistingOrgTest" name="createContact" time="30.846"/>
  <system-out/>
</testsuite> <!-- testNGImplementation.CreateContactWithExistingOrgTest -->
