<?xml version="1.0" encoding="UTF-8"?>
<!-- Generated by org.testng.reporters.JUnitReportReporter -->
<testsuite hostname="DESKTOP-IP4K28O" failures="0" tests="1" name="additionalScenarios.SpiceJetDatePickerTest" time="26.880" errors="0" timestamp="2024-08-07T10:34:17 IST" skipped="0">
  <testcase classname="additionalScenarios.SpiceJetDatePickerTest" name="datePickerTest" time="26.880"/>
  <system-out/>
</testsuite> <!-- additionalScenarios.SpiceJetDatePickerTest -->
