<?xml version="1.0" encoding="UTF-8"?>
<!-- Generated by org.testng.reporters.JUnitReportReporter -->
<testsuite hostname="LAPTOP-H7R7DK85" failures="0" tests="5" name="testng.PriorityFlagTest" time="0.032" errors="0" timestamp="2024-07-26T10:21:22 IST" skipped="0">
  <testcase classname="testng.PriorityFlagTest" name="demo5" time="0.014"/>
  <system-out>
    <![CDATA[demo5]]>
  </system-out>
  <testcase classname="testng.PriorityFlagTest" name="demo1" time="0.004"/>
  <system-out>
    <![CDATA[demo1]]>
  </system-out>
  <testcase classname="testng.PriorityFlagTest" name="demo3" time="0.005"/>
  <system-out>
    <![CDATA[demo3]]>
  </system-out>
  <testcase classname="testng.PriorityFlagTest" name="demo4" time="0.005"/>
  <system-out>
    <![CDATA[demo4]]>
  </system-out>
  <testcase classname="testng.PriorityFlagTest" name="demo2" time="0.004"/>
  <system-out>
    <![CDATA[demo2]]>
  </system-out>
</testsuite> <!-- testng.PriorityFlagTest -->
