<?xml version="1.0" encoding="UTF-8"?>
<!-- Generated by org.testng.reporters.JUnitReportReporter -->
<testsuite hostname="LAPTOP-H7R7DK85" failures="0" tests="1" name="testNGImplementation.CreateOrganizationTest" time="111.011" errors="0" timestamp="2024-08-04T18:30:33 IST" skipped="0">
  <testcase classname="testNGImplementation.CreateOrganizationTest" name="createOrgTest" time="111.011"/>
  <system-out/>
</testsuite> <!-- testNGImplementation.CreateOrganizationTest -->
