<?xml version="1.0" encoding="UTF-8"?>
<!-- Generated by org.testng.reporters.JUnitReportReporter -->
<testsuite hostname="LAPTOP-H7R7DK85" failures="0" tests="1" name="testNGImplementation.CreateOrgWithTypeAndIndustryTest" time="31.790" errors="0" timestamp="2024-08-03T09:58:31 IST" skipped="0">
  <testcase classname="testNGImplementation.CreateOrgWithTypeAndIndustryTest" name="createOrgWithTypeAndIndustryTest" time="31.790"/>
  <system-out/>
</testsuite> <!-- testNGImplementation.CreateOrgWithTypeAndIndustryTest -->
