<?xml version="1.0" encoding="UTF-8"?>
<!-- Generated by org.testng.reporters.JUnitReportReporter -->
<testsuite hostname="LAPTOP-H7R7DK85" failures="0" tests="1" name="testng.RetryTest" time="0.013" errors="0" timestamp="2024-08-03T10:41:27 IST" skipped="0">
  <testcase classname="testng.RetryTest" name="demo" time="0.013"/>
  <system-out>
    <![CDATA[demo]]>
  </system-out>
</testsuite> <!-- testng.RetryTest -->
