<?xml version="1.0" encoding="UTF-8"?>
<!-- Generated by org.testng.reporters.JUnitReportReporter -->
<testsuite hostname="LAPTOP-H7R7DK85" failures="0" tests="4" name="testng.InvocationCountTest" time="0.032" errors="0" timestamp="2024-07-26T10:31:34 IST" skipped="0">
  <testcase classname="testng.InvocationCountTest" name="demo2" time="0.006"/>
  <system-out>
    <![CDATA[demo2]]>
  </system-out>
  <testcase classname="testng.InvocationCountTest" name="demo3" time="0.008"/>
  <system-out>
    <![CDATA[demo3]]>
  </system-out>
  <testcase classname="testng.InvocationCountTest" name="demo2" time="0.014"/>
  <system-out>
    <![CDATA[demo2]]>
  </system-out>
  <testcase classname="testng.InvocationCountTest" name="demo2" time="0.004"/>
  <system-out>
    <![CDATA[demo2]]>
  </system-out>
</testsuite> <!-- testng.InvocationCountTest -->
